{"meta": {"format": 3, "version": "7.6.10", "timestamp": "2024-12-30T22:24:15.406782", "branch_coverage": true, "show_contexts": false}, "files": {"src/build_xfce.py": {"executed_lines": [3, 4, 5, 6, 7, 9, 11, 14, 29, 30, 31, 32, 36, 38, 39, 40, 43, 85, 103], "summary": {"covered_lines": 19, "num_statements": 55, "percent_covered": 30.434782608695652, "percent_covered_display": "30.43", "missing_lines": 36, "excluded_lines": 0, "num_branches": 14, "num_partial_branches": 2, "covered_branches": 2, "missing_branches": 12}, "missing_lines": [45, 47, 49, 51, 53, 54, 56, 57, 58, 59, 60, 61, 62, 63, 64, 65, 66, 67, 69, 70, 74, 77, 78, 82, 92, 94, 95, 96, 98, 104, 105, 106, 107, 108, 109, 110], "excluded_lines": [], "executed_branches": [[31, 32], [103, -3]], "missing_branches": [[31, 38], [56, 57], [56, 77], [58, -43], [58, 59], [60, 61], [60, 69], [94, 95], [94, 98], [95, -85], [95, 96], [103, 104]], "functions": {"build_xfce": {"executed_lines": [], "summary": {"covered_lines": 0, "num_statements": 22, "percent_covered": 0.0, "percent_covered_display": "0.00", "missing_lines": 22, "excluded_lines": 0, "num_branches": 6, "num_partial_branches": 0, "covered_branches": 0, "missing_branches": 6}, "missing_lines": [45, 47, 53, 54, 56, 57, 58, 59, 60, 61, 62, 63, 64, 65, 66, 67, 69, 70, 74, 77, 78, 82], "excluded_lines": [], "executed_branches": [], "missing_branches": [[56, 57], [56, 77], [58, -43], [58, 59], [60, 61], [60, 69]]}, "build_xfce.get_path": {"executed_lines": [], "summary": {"covered_lines": 0, "num_statements": 2, "percent_covered": 0.0, "percent_covered_display": "0.00", "missing_lines": 2, "excluded_lines": 0, "num_branches": 0, "num_partial_branches": 0, "covered_branches": 0, "missing_branches": 0}, "missing_lines": [49, 51], "excluded_lines": [], "executed_branches": [], "missing_branches": []}, "main": {"executed_lines": [], "summary": {"covered_lines": 0, "num_statements": 5, "percent_covered": 0.0, "percent_covered_display": "0.00", "missing_lines": 5, "excluded_lines": 0, "num_branches": 4, "num_partial_branches": 0, "covered_branches": 0, "missing_branches": 4}, "missing_lines": [92, 94, 95, 96, 98], "excluded_lines": [], "executed_branches": [], "missing_branches": [[94, 95], [94, 98], [95, -85], [95, 96]]}, "": {"executed_lines": [3, 4, 5, 6, 7, 9, 11, 14, 29, 30, 31, 32, 36, 38, 39, 40, 43, 85, 103], "summary": {"covered_lines": 19, "num_statements": 26, "percent_covered": 70.0, "percent_covered_display": "70.00", "missing_lines": 7, "excluded_lines": 0, "num_branches": 4, "num_partial_branches": 2, "covered_branches": 2, "missing_branches": 2}, "missing_lines": [104, 105, 106, 107, 108, 109, 110], "excluded_lines": [], "executed_branches": [[31, 32], [103, -3]], "missing_branches": [[31, 38], [103, 104]]}}, "classes": {"": {"executed_lines": [3, 4, 5, 6, 7, 9, 11, 14, 29, 30, 31, 32, 36, 38, 39, 40, 43, 85, 103], "summary": {"covered_lines": 19, "num_statements": 55, "percent_covered": 30.434782608695652, "percent_covered_display": "30.43", "missing_lines": 36, "excluded_lines": 0, "num_branches": 14, "num_partial_branches": 2, "covered_branches": 2, "missing_branches": 12}, "missing_lines": [45, 47, 49, 51, 53, 54, 56, 57, 58, 59, 60, 61, 62, 63, 64, 65, 66, 67, 69, 70, 74, 77, 78, 82, 92, 94, 95, 96, 98, 104, 105, 106, 107, 108, 109, 110], "excluded_lines": [], "executed_branches": [[31, 32], [103, -3]], "missing_branches": [[31, 38], [56, 57], [56, 77], [58, -43], [58, 59], [60, 61], [60, 69], [94, 95], [94, 98], [95, -85], [95, 96], [103, 104]]}}}, "src/cappdata.py": {"executed_lines": [1, 12, 13, 14, 17, 144, 156], "summary": {"covered_lines": 6, "num_statements": 47, "percent_covered": 9.23076923076923, "percent_covered_display": "9.23", "missing_lines": 41, "excluded_lines": 0, "num_branches": 18, "num_partial_branches": 0, "covered_branches": 0, "missing_branches": 18}, "missing_lines": [19, 20, 40, 42, 43, 44, 46, 47, 66, 68, 69, 106, 108, 109, 115, 117, 118, 127, 129, 130, 138, 141, 146, 147, 148, 149, 150, 151, 153, 161, 162, 164, 165, 166, 167, 168, 169, 170, 171, 172, 173], "excluded_lines": [], "executed_branches": [], "missing_branches": [[19, 20], [19, 42], [42, 43], [42, 46], [46, 47], [46, 68], [68, 69], [68, 108], [108, 109], [108, 117], [117, 118], [117, 129], [129, 130], [129, 141], [168, 169], [168, 170], [170, 164], [170, 171]], "functions": {"component_list": {"executed_lines": [], "summary": {"covered_lines": 0, "num_statements": 22, "percent_covered": 0.0, "percent_covered_display": "0.00", "missing_lines": 22, "excluded_lines": 0, "num_branches": 14, "num_partial_branches": 0, "covered_branches": 0, "missing_branches": 14}, "missing_lines": [19, 20, 40, 42, 43, 44, 46, 47, 66, 68, 69, 106, 108, 109, 115, 117, 118, 127, 129, 130, 138, 141], "excluded_lines": [], "executed_branches": [], "missing_branches": [[19, 20], [19, 42], [42, 43], [42, 46], [46, 47], [46, 68], [68, 69], [68, 108], [108, 109], [108, 117], [117, 118], [117, 129], [129, 130], [129, 141]]}, "press_any_key": {"executed_lines": [], "summary": {"covered_lines": 0, "num_statements": 7, "percent_covered": 0.0, "percent_covered_display": "0.00", "missing_lines": 7, "excluded_lines": 0, "num_branches": 0, "num_partial_branches": 0, "covered_branches": 0, "missing_branches": 0}, "missing_lines": [146, 147, 148, 149, 150, 151, 153], "excluded_lines": [], "executed_branches": [], "missing_branches": []}, "query_yes_no": {"executed_lines": [], "summary": {"covered_lines": 0, "num_statements": 12, "percent_covered": 0.0, "percent_covered_display": "0.00", "missing_lines": 12, "excluded_lines": 0, "num_branches": 4, "num_partial_branches": 0, "covered_branches": 0, "missing_branches": 4}, "missing_lines": [161, 162, 164, 165, 166, 167, 168, 169, 170, 171, 172, 173], "excluded_lines": [], "executed_branches": [], "missing_branches": [[168, 169], [168, 170], [170, 164], [170, 171]]}, "": {"executed_lines": [1, 12, 13, 14, 17, 144, 156], "summary": {"covered_lines": 6, "num_statements": 6, "percent_covered": 100.0, "percent_covered_display": "100.00", "missing_lines": 0, "excluded_lines": 0, "num_branches": 0, "num_partial_branches": 0, "covered_branches": 0, "missing_branches": 0}, "missing_lines": [], "excluded_lines": [], "executed_branches": [], "missing_branches": []}}, "classes": {"": {"executed_lines": [1, 12, 13, 14, 17, 144, 156], "summary": {"covered_lines": 6, "num_statements": 47, "percent_covered": 9.23076923076923, "percent_covered_display": "9.23", "missing_lines": 41, "excluded_lines": 0, "num_branches": 18, "num_partial_branches": 0, "covered_branches": 0, "missing_branches": 18}, "missing_lines": [19, 20, 40, 42, 43, 44, 46, 47, 66, 68, 69, 106, 108, 109, 115, 117, 118, 127, 129, 130, 138, 141, 146, 147, 148, 149, 150, 151, 153, 161, 162, 164, 165, 166, 167, 168, 169, 170, 171, 172, 173], "excluded_lines": [], "executed_branches": [], "missing_branches": [[19, 20], [19, 42], [42, 43], [42, 46], [46, 47], [46, 68], [68, 69], [68, 108], [108, 109], [108, 117], [117, 118], [117, 129], [129, 130], [129, 141], [168, 169], [168, 170], [170, 164], [170, 171]]}}}, "src/clean_xfce.py": {"executed_lines": [3, 13, 14, 15, 16, 17, 19, 21, 24, 39, 40, 41, 42, 46, 48, 49, 50, 53, 100, 118], "summary": {"covered_lines": 19, "num_statements": 57, "percent_covered": 29.577464788732396, "percent_covered_display": "29.58", "missing_lines": 38, "excluded_lines": 0, "num_branches": 14, "num_partial_branches": 2, "covered_branches": 2, "missing_branches": 12}, "missing_lines": [55, 57, 59, 61, 63, 64, 66, 67, 68, 69, 70, 71, 72, 73, 74, 75, 76, 77, 81, 82, 84, 85, 89, 92, 93, 97, 107, 109, 110, 111, 113, 119, 120, 121, 122, 123, 124, 125], "excluded_lines": [], "executed_branches": [[41, 42], [118, -3]], "missing_branches": [[41, 48], [66, 67], [66, 92], [68, -53], [68, 69], [70, 71], [70, 84], [109, 110], [109, 113], [110, -100], [110, 111], [118, 119]], "functions": {"clean_xfce": {"executed_lines": [], "summary": {"covered_lines": 0, "num_statements": 24, "percent_covered": 0.0, "percent_covered_display": "0.00", "missing_lines": 24, "excluded_lines": 0, "num_branches": 6, "num_partial_branches": 0, "covered_branches": 0, "missing_branches": 6}, "missing_lines": [55, 57, 63, 64, 66, 67, 68, 69, 70, 71, 72, 73, 74, 75, 76, 77, 81, 82, 84, 85, 89, 92, 93, 97], "excluded_lines": [], "executed_branches": [], "missing_branches": [[66, 67], [66, 92], [68, -53], [68, 69], [70, 71], [70, 84]]}, "clean_xfce.get_path": {"executed_lines": [], "summary": {"covered_lines": 0, "num_statements": 2, "percent_covered": 0.0, "percent_covered_display": "0.00", "missing_lines": 2, "excluded_lines": 0, "num_branches": 0, "num_partial_branches": 0, "covered_branches": 0, "missing_branches": 0}, "missing_lines": [59, 61], "excluded_lines": [], "executed_branches": [], "missing_branches": []}, "main": {"executed_lines": [], "summary": {"covered_lines": 0, "num_statements": 5, "percent_covered": 0.0, "percent_covered_display": "0.00", "missing_lines": 5, "excluded_lines": 0, "num_branches": 4, "num_partial_branches": 0, "covered_branches": 0, "missing_branches": 4}, "missing_lines": [107, 109, 110, 111, 113], "excluded_lines": [], "executed_branches": [], "missing_branches": [[109, 110], [109, 113], [110, -100], [110, 111]]}, "": {"executed_lines": [3, 13, 14, 15, 16, 17, 19, 21, 24, 39, 40, 41, 42, 46, 48, 49, 50, 53, 100, 118], "summary": {"covered_lines": 19, "num_statements": 26, "percent_covered": 70.0, "percent_covered_display": "70.00", "missing_lines": 7, "excluded_lines": 0, "num_branches": 4, "num_partial_branches": 2, "covered_branches": 2, "missing_branches": 2}, "missing_lines": [119, 120, 121, 122, 123, 124, 125], "excluded_lines": [], "executed_branches": [[41, 42], [118, -3]], "missing_branches": [[41, 48], [118, 119]]}}, "classes": {"": {"executed_lines": [3, 13, 14, 15, 16, 17, 19, 21, 24, 39, 40, 41, 42, 46, 48, 49, 50, 53, 100, 118], "summary": {"covered_lines": 19, "num_statements": 57, "percent_covered": 29.577464788732396, "percent_covered_display": "29.58", "missing_lines": 38, "excluded_lines": 0, "num_branches": 14, "num_partial_branches": 2, "covered_branches": 2, "missing_branches": 12}, "missing_lines": [55, 57, 59, 61, 63, 64, 66, 67, 68, 69, 70, 71, 72, 73, 74, 75, 76, 77, 81, 82, 84, 85, 89, 92, 93, 97, 107, 109, 110, 111, 113, 119, 120, 121, 122, 123, 124, 125], "excluded_lines": [], "executed_branches": [[41, 42], [118, -3]], "missing_branches": [[41, 48], [66, 67], [66, 92], [68, -53], [68, 69], [70, 71], [70, 84], [109, 110], [109, 113], [110, -100], [110, 111], [118, 119]]}}}, "src/clone_xfce.py": {"executed_lines": [3, 14, 15, 16, 17, 18, 20, 22, 26, 42, 43, 44, 45, 49, 51, 52, 53, 56, 98, 116], "summary": {"covered_lines": 19, "num_statements": 56, "percent_covered": 30.88235294117647, "percent_covered_display": "30.88", "missing_lines": 37, "excluded_lines": 0, "num_branches": 12, "num_partial_branches": 2, "covered_branches": 2, "missing_branches": 10}, "missing_lines": [58, 60, 62, 64, 66, 68, 69, 71, 72, 74, 75, 76, 77, 78, 80, 81, 82, 83, 84, 85, 86, 88, 89, 91, 95, 105, 107, 108, 109, 111, 117, 118, 119, 120, 121, 122, 123], "excluded_lines": [], "executed_branches": [[44, 45], [116, -3]], "missing_branches": [[44, 51], [74, -56], [74, 75], [76, 77], [76, 80], [107, 108], [107, 111], [108, -98], [108, 109], [116, 117]], "functions": {"clone_xfce": {"executed_lines": [], "summary": {"covered_lines": 0, "num_statements": 23, "percent_covered": 0.0, "percent_covered_display": "0.00", "missing_lines": 23, "excluded_lines": 0, "num_branches": 4, "num_partial_branches": 0, "covered_branches": 0, "missing_branches": 4}, "missing_lines": [58, 60, 62, 68, 69, 71, 72, 74, 75, 76, 77, 78, 80, 81, 82, 83, 84, 85, 86, 88, 89, 91, 95], "excluded_lines": [], "executed_branches": [], "missing_branches": [[74, -56], [74, 75], [76, 77], [76, 80]]}, "clone_xfce.get_path": {"executed_lines": [], "summary": {"covered_lines": 0, "num_statements": 2, "percent_covered": 0.0, "percent_covered_display": "0.00", "missing_lines": 2, "excluded_lines": 0, "num_branches": 0, "num_partial_branches": 0, "covered_branches": 0, "missing_branches": 0}, "missing_lines": [64, 66], "excluded_lines": [], "executed_branches": [], "missing_branches": []}, "main": {"executed_lines": [], "summary": {"covered_lines": 0, "num_statements": 5, "percent_covered": 0.0, "percent_covered_display": "0.00", "missing_lines": 5, "excluded_lines": 0, "num_branches": 4, "num_partial_branches": 0, "covered_branches": 0, "missing_branches": 4}, "missing_lines": [105, 107, 108, 109, 111], "excluded_lines": [], "executed_branches": [], "missing_branches": [[107, 108], [107, 111], [108, -98], [108, 109]]}, "": {"executed_lines": [3, 14, 15, 16, 17, 18, 20, 22, 26, 42, 43, 44, 45, 49, 51, 52, 53, 56, 98, 116], "summary": {"covered_lines": 19, "num_statements": 26, "percent_covered": 70.0, "percent_covered_display": "70.00", "missing_lines": 7, "excluded_lines": 0, "num_branches": 4, "num_partial_branches": 2, "covered_branches": 2, "missing_branches": 2}, "missing_lines": [117, 118, 119, 120, 121, 122, 123], "excluded_lines": [], "executed_branches": [[44, 45], [116, -3]], "missing_branches": [[44, 51], [116, 117]]}}, "classes": {"": {"executed_lines": [3, 14, 15, 16, 17, 18, 20, 22, 26, 42, 43, 44, 45, 49, 51, 52, 53, 56, 98, 116], "summary": {"covered_lines": 19, "num_statements": 56, "percent_covered": 30.88235294117647, "percent_covered_display": "30.88", "missing_lines": 37, "excluded_lines": 0, "num_branches": 12, "num_partial_branches": 2, "covered_branches": 2, "missing_branches": 10}, "missing_lines": [58, 60, 62, 64, 66, 68, 69, 71, 72, 74, 75, 76, 77, 78, 80, 81, 82, 83, 84, 85, 86, 88, 89, 91, 95, 105, 107, 108, 109, 111, 117, 118, 119, 120, 121, 122, 123], "excluded_lines": [], "executed_branches": [[44, 45], [116, -3]], "missing_branches": [[44, 51], [74, -56], [74, 75], [76, 77], [76, 80], [107, 108], [107, 111], [108, -98], [108, 109], [116, 117]]}}}, "src/install_xfce.py": {"executed_lines": [3, 4, 5, 6, 8, 10, 14, 30, 31, 32, 33, 37, 40, 90, 108], "summary": {"covered_lines": 15, "num_statements": 55, "percent_covered": 23.943661971830984, "percent_covered_display": "23.94", "missing_lines": 40, "excluded_lines": 0, "num_branches": 16, "num_partial_branches": 2, "covered_branches": 2, "missing_branches": 14}, "missing_lines": [42, 43, 45, 47, 49, 51, 53, 54, 55, 56, 57, 58, 59, 63, 64, 65, 66, 67, 69, 70, 71, 72, 74, 75, 79, 82, 83, 87, 97, 99, 100, 101, 103, 109, 110, 111, 112, 113, 114, 115], "excluded_lines": [], "executed_branches": [[32, 33], [108, -3]], "missing_branches": [[32, 40], [53, 54], [53, 82], [55, -40], [55, 56], [57, 58], [57, 74], [63, 64], [63, 69], [99, 100], [99, 103], [100, -90], [100, 101], [108, 109]], "functions": {"install_xfce": {"executed_lines": [], "summary": {"covered_lines": 0, "num_statements": 26, "percent_covered": 0.0, "percent_covered_display": "0.00", "missing_lines": 26, "excluded_lines": 0, "num_branches": 8, "num_partial_branches": 0, "covered_branches": 0, "missing_branches": 8}, "missing_lines": [42, 43, 45, 51, 53, 54, 55, 56, 57, 58, 59, 63, 64, 65, 66, 67, 69, 70, 71, 72, 74, 75, 79, 82, 83, 87], "excluded_lines": [], "executed_branches": [], "missing_branches": [[53, 54], [53, 82], [55, -40], [55, 56], [57, 58], [57, 74], [63, 64], [63, 69]]}, "install_xfce.get_path": {"executed_lines": [], "summary": {"covered_lines": 0, "num_statements": 2, "percent_covered": 0.0, "percent_covered_display": "0.00", "missing_lines": 2, "excluded_lines": 0, "num_branches": 0, "num_partial_branches": 0, "covered_branches": 0, "missing_branches": 0}, "missing_lines": [47, 49], "excluded_lines": [], "executed_branches": [], "missing_branches": []}, "main": {"executed_lines": [], "summary": {"covered_lines": 0, "num_statements": 5, "percent_covered": 0.0, "percent_covered_display": "0.00", "missing_lines": 5, "excluded_lines": 0, "num_branches": 4, "num_partial_branches": 0, "covered_branches": 0, "missing_branches": 4}, "missing_lines": [97, 99, 100, 101, 103], "excluded_lines": [], "executed_branches": [], "missing_branches": [[99, 100], [99, 103], [100, -90], [100, 101]]}, "": {"executed_lines": [3, 4, 5, 6, 8, 10, 14, 30, 31, 32, 33, 37, 40, 90, 108], "summary": {"covered_lines": 15, "num_statements": 22, "percent_covered": 65.38461538461539, "percent_covered_display": "65.38", "missing_lines": 7, "excluded_lines": 0, "num_branches": 4, "num_partial_branches": 2, "covered_branches": 2, "missing_branches": 2}, "missing_lines": [109, 110, 111, 112, 113, 114, 115], "excluded_lines": [], "executed_branches": [[32, 33], [108, -3]], "missing_branches": [[32, 40], [108, 109]]}}, "classes": {"": {"executed_lines": [3, 4, 5, 6, 8, 10, 14, 30, 31, 32, 33, 37, 40, 90, 108], "summary": {"covered_lines": 15, "num_statements": 55, "percent_covered": 23.943661971830984, "percent_covered_display": "23.94", "missing_lines": 40, "excluded_lines": 0, "num_branches": 16, "num_partial_branches": 2, "covered_branches": 2, "missing_branches": 14}, "missing_lines": [42, 43, 45, 47, 49, 51, 53, 54, 55, 56, 57, 58, 59, 63, 64, 65, 66, 67, 69, 70, 71, 72, 74, 75, 79, 82, 83, 87, 97, 99, 100, 101, 103, 109, 110, 111, 112, 113, 114, 115], "excluded_lines": [], "executed_branches": [[32, 33], [108, -3]], "missing_branches": [[32, 40], [53, 54], [53, 82], [55, -40], [55, 56], [57, 58], [57, 74], [63, 64], [63, 69], [99, 100], [99, 103], [100, -90], [100, 101], [108, 109]]}}}, "src/pull_xfce.py": {"executed_lines": [3, 14, 15, 16, 17, 19, 21, 25, 41, 42, 43, 44, 48, 51, 97, 115], "summary": {"covered_lines": 15, "num_statements": 52, "percent_covered": 25.757575757575758, "percent_covered_display": "25.76", "missing_lines": 37, "excluded_lines": 0, "num_branches": 14, "num_partial_branches": 2, "covered_branches": 2, "missing_branches": 12}, "missing_lines": [53, 54, 56, 58, 60, 62, 63, 65, 66, 67, 68, 69, 70, 71, 72, 73, 74, 78, 79, 81, 82, 86, 89, 90, 94, 104, 106, 107, 108, 110, 116, 117, 118, 119, 120, 121, 122], "excluded_lines": [], "executed_branches": [[43, 44], [115, -3]], "missing_branches": [[43, 51], [65, 66], [65, 89], [67, -51], [67, 68], [69, 70], [69, 81], [106, 107], [106, 110], [107, -97], [107, 108], [115, 116]], "functions": {"pull_xfce": {"executed_lines": [], "summary": {"covered_lines": 0, "num_statements": 23, "percent_covered": 0.0, "percent_covered_display": "0.00", "missing_lines": 23, "excluded_lines": 0, "num_branches": 6, "num_partial_branches": 0, "covered_branches": 0, "missing_branches": 6}, "missing_lines": [53, 54, 56, 62, 63, 65, 66, 67, 68, 69, 70, 71, 72, 73, 74, 78, 79, 81, 82, 86, 89, 90, 94], "excluded_lines": [], "executed_branches": [], "missing_branches": [[65, 66], [65, 89], [67, -51], [67, 68], [69, 70], [69, 81]]}, "pull_xfce.get_path": {"executed_lines": [], "summary": {"covered_lines": 0, "num_statements": 2, "percent_covered": 0.0, "percent_covered_display": "0.00", "missing_lines": 2, "excluded_lines": 0, "num_branches": 0, "num_partial_branches": 0, "covered_branches": 0, "missing_branches": 0}, "missing_lines": [58, 60], "excluded_lines": [], "executed_branches": [], "missing_branches": []}, "main": {"executed_lines": [], "summary": {"covered_lines": 0, "num_statements": 5, "percent_covered": 0.0, "percent_covered_display": "0.00", "missing_lines": 5, "excluded_lines": 0, "num_branches": 4, "num_partial_branches": 0, "covered_branches": 0, "missing_branches": 4}, "missing_lines": [104, 106, 107, 108, 110], "excluded_lines": [], "executed_branches": [], "missing_branches": [[106, 107], [106, 110], [107, -97], [107, 108]]}, "": {"executed_lines": [3, 14, 15, 16, 17, 19, 21, 25, 41, 42, 43, 44, 48, 51, 97, 115], "summary": {"covered_lines": 15, "num_statements": 22, "percent_covered": 65.38461538461539, "percent_covered_display": "65.38", "missing_lines": 7, "excluded_lines": 0, "num_branches": 4, "num_partial_branches": 2, "covered_branches": 2, "missing_branches": 2}, "missing_lines": [116, 117, 118, 119, 120, 121, 122], "excluded_lines": [], "executed_branches": [[43, 44], [115, -3]], "missing_branches": [[43, 51], [115, 116]]}}, "classes": {"": {"executed_lines": [3, 14, 15, 16, 17, 19, 21, 25, 41, 42, 43, 44, 48, 51, 97, 115], "summary": {"covered_lines": 15, "num_statements": 52, "percent_covered": 25.757575757575758, "percent_covered_display": "25.76", "missing_lines": 37, "excluded_lines": 0, "num_branches": 14, "num_partial_branches": 2, "covered_branches": 2, "missing_branches": 12}, "missing_lines": [53, 54, 56, 58, 60, 62, 63, 65, 66, 67, 68, 69, 70, 71, 72, 73, 74, 78, 79, 81, 82, 86, 89, 90, 94, 104, 106, 107, 108, 110, 116, 117, 118, 119, 120, 121, 122], "excluded_lines": [], "executed_branches": [[43, 44], [115, -3]], "missing_branches": [[43, 51], [65, 66], [65, 89], [67, -51], [67, 68], [69, 70], [69, 81], [106, 107], [106, 110], [107, -97], [107, 108], [115, 116]]}}}, "src/purge_xfce.py": {"executed_lines": [3, 14, 15, 16, 17, 18, 20, 22, 25, 40, 41, 42, 43, 47, 50, 108, 126], "summary": {"covered_lines": 16, "num_statements": 59, "percent_covered": 24.0, "percent_covered_display": "24.00", "missing_lines": 43, "excluded_lines": 0, "num_branches": 16, "num_partial_branches": 2, "covered_branches": 2, "missing_branches": 14}, "missing_lines": [52, 53, 55, 57, 59, 61, 62, 64, 69, 70, 71, 72, 73, 74, 75, 76, 77, 78, 79, 85, 86, 87, 91, 92, 93, 94, 95, 97, 98, 102, 105, 115, 117, 118, 119, 121, 127, 128, 129, 130, 131, 132, 133], "excluded_lines": [], "executed_branches": [[42, 43], [126, -3]], "missing_branches": [[42, 50], [69, 70], [69, 105], [70, 71], [70, 97], [72, 73], [72, 92], [74, 72], [74, 75], [117, 118], [117, 121], [118, -108], [118, 119], [126, 127]], "functions": {"purge_xfce": {"executed_lines": [], "summary": {"covered_lines": 0, "num_statements": 29, "percent_covered": 0.0, "percent_covered_display": "0.00", "missing_lines": 29, "excluded_lines": 0, "num_branches": 8, "num_partial_branches": 0, "covered_branches": 0, "missing_branches": 8}, "missing_lines": [52, 53, 55, 61, 62, 64, 69, 70, 71, 72, 73, 74, 75, 76, 77, 78, 79, 85, 86, 87, 91, 92, 93, 94, 95, 97, 98, 102, 105], "excluded_lines": [], "executed_branches": [], "missing_branches": [[69, 70], [69, 105], [70, 71], [70, 97], [72, 73], [72, 92], [74, 72], [74, 75]]}, "purge_xfce.get_path": {"executed_lines": [], "summary": {"covered_lines": 0, "num_statements": 2, "percent_covered": 0.0, "percent_covered_display": "0.00", "missing_lines": 2, "excluded_lines": 0, "num_branches": 0, "num_partial_branches": 0, "covered_branches": 0, "missing_branches": 0}, "missing_lines": [57, 59], "excluded_lines": [], "executed_branches": [], "missing_branches": []}, "main": {"executed_lines": [], "summary": {"covered_lines": 0, "num_statements": 5, "percent_covered": 0.0, "percent_covered_display": "0.00", "missing_lines": 5, "excluded_lines": 0, "num_branches": 4, "num_partial_branches": 0, "covered_branches": 0, "missing_branches": 4}, "missing_lines": [115, 117, 118, 119, 121], "excluded_lines": [], "executed_branches": [], "missing_branches": [[117, 118], [117, 121], [118, -108], [118, 119]]}, "": {"executed_lines": [3, 14, 15, 16, 17, 18, 20, 22, 25, 40, 41, 42, 43, 47, 50, 108, 126], "summary": {"covered_lines": 16, "num_statements": 23, "percent_covered": 66.66666666666667, "percent_covered_display": "66.67", "missing_lines": 7, "excluded_lines": 0, "num_branches": 4, "num_partial_branches": 2, "covered_branches": 2, "missing_branches": 2}, "missing_lines": [127, 128, 129, 130, 131, 132, 133], "excluded_lines": [], "executed_branches": [[42, 43], [126, -3]], "missing_branches": [[42, 50], [126, 127]]}}, "classes": {"": {"executed_lines": [3, 14, 15, 16, 17, 18, 20, 22, 25, 40, 41, 42, 43, 47, 50, 108, 126], "summary": {"covered_lines": 16, "num_statements": 59, "percent_covered": 24.0, "percent_covered_display": "24.00", "missing_lines": 43, "excluded_lines": 0, "num_branches": 16, "num_partial_branches": 2, "covered_branches": 2, "missing_branches": 14}, "missing_lines": [52, 53, 55, 57, 59, 61, 62, 64, 69, 70, 71, 72, 73, 74, 75, 76, 77, 78, 79, 85, 86, 87, 91, 92, 93, 94, 95, 97, 98, 102, 105, 115, 117, 118, 119, 121, 127, 128, 129, 130, 131, 132, 133], "excluded_lines": [], "executed_branches": [[42, 43], [126, -3]], "missing_branches": [[42, 50], [69, 70], [69, 105], [70, 71], [70, 97], [72, 73], [72, 92], [74, 72], [74, 75], [117, 118], [117, 121], [118, -108], [118, 119], [126, 127]]}}}, "src/repocapp.py": {"executed_lines": [], "summary": {"covered_lines": 0, "num_statements": 74, "percent_covered": 0.0, "percent_covered_display": "0.00", "missing_lines": 74, "excluded_lines": 0, "num_branches": 18, "num_partial_branches": 0, "covered_branches": 0, "missing_branches": 18}, "missing_lines": [14, 15, 16, 17, 19, 21, 76, 77, 80, 82, 83, 84, 85, 86, 87, 88, 89, 90, 91, 92, 93, 94, 95, 96, 98, 99, 100, 102, 103, 104, 105, 106, 109, 111, 112, 113, 114, 115, 116, 117, 119, 120, 121, 122, 123, 124, 125, 126, 127, 128, 130, 131, 132, 133, 134, 136, 137, 138, 140, 141, 142, 143, 144, 145, 146, 147, 148, 151, 152, 153, 154, 155, 156, 157], "excluded_lines": [], "executed_branches": [], "missing_branches": [[88, 89], [88, 90], [94, 95], [94, 98], [98, 99], [98, 102], [116, 117], [116, 119], [127, 128], [127, 130], [130, 131], [130, 133], [133, 134], [133, 136], [137, 138], [137, 140], [151, -3], [151, 152]], "functions": {"main_menu": {"executed_lines": [], "summary": {"covered_lines": 0, "num_statements": 23, "percent_covered": 0.0, "percent_covered_display": "0.00", "missing_lines": 23, "excluded_lines": 0, "num_branches": 6, "num_partial_branches": 0, "covered_branches": 0, "missing_branches": 6}, "missing_lines": [82, 83, 84, 85, 86, 87, 88, 89, 90, 91, 92, 93, 94, 95, 96, 98, 99, 100, 102, 103, 104, 105, 106], "excluded_lines": [], "executed_branches": [], "missing_branches": [[88, 89], [88, 90], [94, 95], [94, 98], [98, 99], [98, 102]]}, "sub_menus": {"executed_lines": [], "summary": {"covered_lines": 0, "num_statements": 34, "percent_covered": 0.0, "percent_covered_display": "0.00", "missing_lines": 34, "excluded_lines": 0, "num_branches": 10, "num_partial_branches": 0, "covered_branches": 0, "missing_branches": 10}, "missing_lines": [111, 112, 113, 114, 115, 116, 117, 119, 120, 121, 122, 123, 124, 125, 126, 127, 128, 130, 131, 132, 133, 134, 136, 137, 138, 140, 141, 142, 143, 144, 145, 146, 147, 148], "excluded_lines": [], "executed_branches": [], "missing_branches": [[116, 117], [116, 119], [127, 128], [127, 130], [130, 131], [130, 133], [133, 134], [133, 136], [137, 138], [137, 140]]}, "": {"executed_lines": [], "summary": {"covered_lines": 0, "num_statements": 17, "percent_covered": 0.0, "percent_covered_display": "0.00", "missing_lines": 17, "excluded_lines": 0, "num_branches": 2, "num_partial_branches": 0, "covered_branches": 0, "missing_branches": 2}, "missing_lines": [14, 15, 16, 17, 19, 21, 76, 77, 80, 109, 151, 152, 153, 154, 155, 156, 157], "excluded_lines": [], "executed_branches": [], "missing_branches": [[151, -3], [151, 152]]}}, "classes": {"": {"executed_lines": [], "summary": {"covered_lines": 0, "num_statements": 74, "percent_covered": 0.0, "percent_covered_display": "0.00", "missing_lines": 74, "excluded_lines": 0, "num_branches": 18, "num_partial_branches": 0, "covered_branches": 0, "missing_branches": 18}, "missing_lines": [14, 15, 16, 17, 19, 21, 76, 77, 80, 82, 83, 84, 85, 86, 87, 88, 89, 90, 91, 92, 93, 94, 95, 96, 98, 99, 100, 102, 103, 104, 105, 106, 109, 111, 112, 113, 114, 115, 116, 117, 119, 120, 121, 122, 123, 124, 125, 126, 127, 128, 130, 131, 132, 133, 134, 136, 137, 138, 140, 141, 142, 143, 144, 145, 146, 147, 148, 151, 152, 153, 154, 155, 156, 157], "excluded_lines": [], "executed_branches": [], "missing_branches": [[88, 89], [88, 90], [94, 95], [94, 98], [98, 99], [98, 102], [116, 117], [116, 119], [127, 128], [127, 130], [130, 131], [130, 133], [133, 134], [133, 136], [137, 138], [137, 140], [151, -3], [151, 152]]}}}}, "totals": {"covered_lines": 109, "num_statements": 455, "percent_covered": 20.97053726169844, "percent_covered_display": "20.97", "missing_lines": 346, "excluded_lines": 0, "num_branches": 122, "num_partial_branches": 12, "covered_branches": 12, "missing_branches": 110}}